\BOOKMARK [1][-]{section.1}{\376\377\145\347\221\317\133\120\213\272}{}% 1
\BOOKMARK [2][-]{subsection.1.1}{\376\377\200\375\221\317\221\317\133\120\123\026}{section.1}% 2
\BOOKMARK [2][-]{subsection.1.2}{\376\377\121\111\221\317\133\120\123\026}{section.1}% 3
\BOOKMARK [2][-]{subsection.1.3}{\376\377\221\317\133\120\123\026\147\141\116\366\040\024\040\024\174\373\176\337\177\023\123\330\116\015\123\330\221\317}{section.1}% 4
\BOOKMARK [2][-]{subsection.1.4}{\376\377\211\322\122\250\221\317\221\317\133\120\123\026}{section.1}% 5
\BOOKMARK [2][-]{subsection.1.5}{\376\377\221\317\133\120\123\026\147\141\116\366\040\024\040\024\163\273\134\024\175\042\147\053\203\362\221\317\133\120\123\026\147\141\116\366}{section.1}% 6
\BOOKMARK [1][-]{section.2}{\376\377\162\151\215\050\154\342\164\006\213\272}{}% 7
\BOOKMARK [2][-]{subsection.2.1}{\376\377\137\267\136\003\177\127\141\017\040\024\040\024\154\342\174\222\116\214\214\141\140\047}{section.2}% 8
\BOOKMARK [2][-]{subsection.2.2}{\376\377\205\233\133\232\214\024\145\271\172\013}{section.2}% 9
\BOOKMARK [2][-]{subsection.2.3}{\376\377\124\053\145\366\205\233\133\232\214\024\145\271\172\013}{section.2}% 10
\BOOKMARK [1][-]{section.3}{\376\377\221\317\133\120\122\233\133\146\166\204\121\154\164\006\123\026\117\123\174\373\040\024\040\024\124\345\147\054\124\310\150\071\213\340\221\312}{}% 11
\BOOKMARK [2][-]{subsection.3.1}{\376\377\221\317\133\120\122\233\133\146\166\204\127\372\147\054\120\107\213\276\377\010\121\154\164\006\377\011}{section.3}% 12
\BOOKMARK [2][-]{subsection.3.2}{\376\377\000H\000i\000l\000b\000e\000r\000t\000\040\000S\000p\000a\000c\000e}{section.3}% 13
\BOOKMARK [3][-]{subsubsection.3.2.1}{\376\377\140\001\167\342\221\317\166\204\122\240\154\325\217\320\173\227}{subsection.3.2}% 14
\BOOKMARK [3][-]{subsubsection.3.2.2}{\376\377\140\001\167\342\221\317\166\204\145\160\116\130}{subsection.3.2}% 15
\BOOKMARK [3][-]{subsubsection.3.2.3}{\376\377\226\366\121\103\377\010\122\240\154\325\123\125\117\115\121\103\377\011}{subsection.3.2}% 16
\BOOKMARK [3][-]{subsubsection.3.2.4}{\376\377\121\205\171\357}{subsection.3.2}% 17
\BOOKMARK [3][-]{subsubsection.3.2.5}{\376\377\140\001\167\342\221\317\166\204\176\277\140\047\162\354\172\313\377\014\153\143\116\244\133\214\131\007}{subsection.3.2}% 18
\BOOKMARK [3][-]{subsubsection.3.2.6}{\376\377\145\275\133\306\162\171\153\143\116\244\123\026}{subsection.3.2}% 19
\BOOKMARK [3][-]{subsubsection.3.2.7}{\376\377\142\225\137\161\173\227\173\046}{subsection.3.2}% 20
\BOOKMARK [3][-]{subsubsection.3.2.8}{\376\377\217\336\176\355\123\026\140\001\167\342\221\317}{subsection.3.2}% 21
\BOOKMARK [3][-]{subsubsection.3.2.9}{\376\377\210\150\214\141}{subsection.3.2}% 22
\BOOKMARK [3][-]{subsubsection.3.2.10}{\376\377\173\227\173\046\377\010\122\233\133\146\221\317\377\011}{subsection.3.2}% 23
\BOOKMARK [3][-]{subsubsection.3.2.11}{\376\377\140\001\167\342\221\317\166\204\167\351\226\065\210\150\171\072}{subsection.3.2}% 24
\BOOKMARK [2][-]{subsection.3.3}{\376\377\123\204\174\163\173\227\173\046}{section.3}% 25
\BOOKMARK [3][-]{subsubsection.3.3.1}{\376\377\147\054\137\201\145\271\172\013}{subsection.3.3}% 26
\BOOKMARK [3][-]{subsubsection.3.3.2}{\376\377\147\054\137\201\120\074\060\001\147\054\137\201\167\342\221\317\166\204\154\102\211\343}{subsection.3.3}% 27
\BOOKMARK [3][-]{subsubsection.3.3.3}{\376\377\133\371\146\023}{subsection.3.3}% 28
\BOOKMARK [3][-]{subsubsection.3.3.4}{\376\377\147\037\147\033\120\074}{subsection.3.3}% 29
\BOOKMARK [2][-]{subsection.3.4}{\376\377\133\371\116\216\124\345\147\054\124\310\150\071\213\340\221\312\166\204\213\304\213\272}{section.3}% 30
\BOOKMARK [1][-]{section.4}{\376\377\133\232\140\001\205\233\133\232\214\024\145\271\172\013}{}% 31
\BOOKMARK [2][-]{subsection.4.1}{\376\377\116\000\176\364\145\340\226\120\145\271\122\277\226\061}{section.4}% 32
\BOOKMARK [2][-]{subsection.4.2}{\376\377\116\000\176\364\214\020\143\057\133\120}{section.4}% 33
\BOOKMARK [3][-]{subsubsection.4.2.1}{\376\377\176\317\121\170\122\233\133\146}{subsection.4.2}% 34
\BOOKMARK [3][-]{subsubsection.4.2.2}{\376\377\221\317\133\120\122\233\133\146}{subsection.4.2}% 35
\BOOKMARK [3][-]{subsubsection.4.2.3}{\376\377\124\053\145\366\205\233\133\232\214\024\145\271\172\013\173\200\213\272}{subsection.4.2}% 36
\BOOKMARK [2][-]{subsection.4.3}{\376\377\201\352\165\061\174\222\133\120}{section.4}% 37
\BOOKMARK [2][-]{subsection.4.4}{\376\377\162\304\142\311\121\113\121\375\145\160\122\277}{section.4}% 38
\BOOKMARK [3][-]{subsubsection.4.4.1}{\376\377\147\137\177\032\140\001\116\016\145\143\134\004\140\001}{subsection.4.4}% 39
\BOOKMARK [3][-]{subsubsection.4.4.2}{\376\377\154\102\211\343}{subsection.4.4}% 40
\BOOKMARK [3][-]{subsubsection.4.4.3}{\376\377\213\250\213\272\000E\000>\0000}{subsection.4.4}% 41
\BOOKMARK [2][-]{subsection.4.5}{\376\377\147\011\226\120\145\271\122\277\127\222}{section.4}% 42
\BOOKMARK [1][-]{section.5}{\376\377\116\011\176\364\205\233\133\232\214\024\145\271\172\013}{}% 43
\BOOKMARK [2][-]{subsection.5.1}{\376\377\145\160\133\146\121\306\131\007\040\024\040\024\040\024\040\024\164\003\127\120\150\007\174\373\377\014\173\227\173\046}{section.5}% 44
\BOOKMARK [3][-]{subsubsection.5.1.1}{\376\377\173\227\173\046\116\016\133\203\166\204\217\320\173\227}{subsection.5.1}% 45
\BOOKMARK [2][-]{subsection.5.2}{\376\377\116\011\176\364\164\003\127\120\150\007\174\373\166\204\133\232\140\001\205\233\133\232\214\024\145\271\172\013}{section.5}% 46
\BOOKMARK [3][-]{subsubsection.5.2.1}{\376\377\211\322\122\250\221\317\145\271\172\013}{subsection.5.2}% 47
\BOOKMARK [3][-]{subsubsection.5.2.2}{\376\377\137\204\124\021\145\271\172\013}{subsection.5.2}% 48
\BOOKMARK [2][-]{subsection.5.3}{\376\377\116\214\176\364\172\172\225\364\116\055\166\204\211\322\122\250\221\317}{section.5}% 49
\BOOKMARK [3][-]{subsubsection.5.3.1}{\376\377\176\317\121\170\122\233\133\146\116\055\166\204\211\322\122\250\221\317}{subsection.5.3}% 50
\BOOKMARK [3][-]{subsubsection.5.3.2}{\376\377\221\317\133\120\122\233\133\146\116\055\166\204\211\322\122\250\221\317}{subsection.5.3}% 51
\BOOKMARK [3][-]{subsubsection.5.3.3}{\376\377\147\054\137\201\120\074}{subsection.5.3}% 52
\BOOKMARK [3][-]{subsubsection.5.3.4}{\376\377\116\011\176\364\172\172\225\364\116\055\166\204\211\322\122\250\221\317}{subsection.5.3}% 53
\BOOKMARK [2][-]{subsection.5.4}{\376\377\000S\000t\000e\000r\000n\000-\000G\000e\000r\000l\000a\000c\000h\000\040\000E\000x\000p\000e\000r\000i\000m\000e\000n\000t}{section.5}% 54
\BOOKMARK [1][-]{section.6}{\376\377\221\317\133\120\131\032\117\123\174\373\176\337}{}% 55
\BOOKMARK [2][-]{subsection.6.1}{\376\377\137\040\221\317\171\357\166\204\140\047\215\050}{section.6}% 56
\BOOKMARK [2][-]{subsection.6.2}{\376\377\221\317\133\120\131\032\117\123\174\373\176\337\166\204\205\233\133\232\214\024\145\271\172\013}{section.6}% 57
\BOOKMARK [2][-]{subsection.6.3}{\376\377\121\150\124\014\174\222\133\120}{section.6}% 58
\BOOKMARK [2][-]{subsection.6.4}{\376\377\221\317\133\120\131\032\117\123\174\373\176\337\166\204\116\000\176\364\145\340\226\120\117\115\200\375\226\061}{section.6}% 59
\BOOKMARK [2][-]{subsection.6.5}{\376\377\147\037\147\033\120\074}{section.6}% 60
\BOOKMARK [1][-]{section.7}{\376\377\116\015\124\053\145\366\137\256\142\160\164\006\213\272}{}% 61
\BOOKMARK [2][-]{subsection.7.1}{\376\377\227\136\173\200\136\166\137\256\142\160\164\006\213\272}{section.7}% 62
\BOOKMARK [3][-]{subsubsection.7.1.1}{\376\377\137\256\142\160\164\006\213\272\116\000\202\054\121\154\137\017\143\250\133\374}{subsection.7.1}% 63
\BOOKMARK [3][-]{subsubsection.7.1.2}{\376\377\116\000\176\247\217\321\117\074\164\006\213\272}{subsection.7.1}% 64
\BOOKMARK [2][-]{subsection.7.2}{\376\377\173\200\136\166\137\256\142\160\164\006\213\272}{section.7}% 65
\BOOKMARK [3][-]{subsubsection.7.2.1}{\376\377\116\214\221\315\173\200\136\166}{subsection.7.2}% 66
\BOOKMARK [1][-]{section.8}{\376\377\123\330\122\006\123\237\164\006}{}% 67
\BOOKMARK [1][-]{section.9}{\376\377\000W\000K\000B\145\271\154\325}{}% 68
