\BOOKMARK [0][]{chapter.1}{\376\377\173\054\116\000\172\340\000\040\000:\176\317\121\170\122\233\133\146\060\001\176\317\121\170\127\072\213\272\116\016\162\355\116\111\166\370\133\371\213\272\131\015\116\140}{}% 1
\BOOKMARK [1][]{section.1.1}{\376\377\0001\000.\0001\000\040\000:\117\075\122\051\165\145\123\330\143\142}{chapter.1}% 2
\BOOKMARK [1][]{section.1.2}{\376\377\0001\000.\0002\000\040\000:\176\317\121\170\122\233\133\146}{chapter.1}% 3
\BOOKMARK [2][]{subsection.1.2.1}{\376\377\0001\000.\0002\000.\0001\000\040\000:\117\115\137\142\060\001\117\115\137\142\172\172\225\364\060\001\136\177\116\111\127\120\150\007\060\001\136\177\116\111\220\037\136\246}{section.1.2}% 4
\BOOKMARK [2][]{subsection.1.2.2}{\376\377\0001\000.\0002\000.\0002\000\040\000:\166\370\133\371\213\272\145\366\172\172}{section.1.2}% 5
\BOOKMARK [2][]{subsection.1.2.3}{\376\377\0001\000.\0002\000.\0003\000\040\000:\166\370\172\172\225\364\060\001\153\143\122\031\127\120\150\007\060\001\153\143\122\031\122\250\221\317}{section.1.2}% 6
\BOOKMARK [1][]{section.1.3}{\376\377\0001\000.\0003\000\040\000:\176\317\121\170\127\072\213\272}{chapter.1}% 7
\BOOKMARK [2][]{subsection.1.3.1}{\376\377\0001\000.\0003\000.\0001\000\040\000:\116\316\174\222\133\120\122\060\127\072}{section.1.3}% 8
\BOOKMARK [0][]{chapter.2}{\376\377\173\054\116\214\172\340\000\040\000:\221\317\133\120\122\233\133\146\060\001\116\072\116\300\116\110\142\021\116\354\227\000\211\201\221\317\133\120\127\072\213\272}{}% 9
\BOOKMARK [1][]{section.2.1}{\376\377\0002\000.\0001\000\040\000:\221\317\133\120\122\233\133\146}{chapter.2}% 10
\BOOKMARK [1][]{section.2.2}{\376\377\0002\000.\0002\000\040\000:\127\072\173\227\173\046\000\050\000F\000i\000e\000l\000d\000\040\000o\000p\000e\000r\000a\000t\000o\000r\000s\000\051}{chapter.2}% 11
\BOOKMARK [2][]{subsection.2.2.1}{\376\377\0002\000.\0002\000.\0001\000\040\000:\127\120\150\007\116\016\122\250\221\317\210\150\214\141}{section.2.2}% 12
\BOOKMARK [2][]{subsection.2.2.2}{\376\377\0002\000.\0002\000.\0002\000\040\000:\173\200\123\125\214\020\143\057\133\120\000\050\000S\000i\000m\000p\000l\000e\000\040\000h\000a\000r\000m\000o\000n\000i\000c\000\040\000o\000s\000c\000i\000l\000l\000a\000t\000o\000r\000s\000\051}{section.2.2}% 13
\BOOKMARK [2][]{subsection.2.2.3}{\376\377\0002\000.\0002\000.\0003\000\040\000:\123\140\147\011\145\160\210\150\214\141\000\050\000O\000c\000c\000u\000p\000a\000t\000i\000o\000n\000\040\000n\000u\000m\000b\000e\000r\000\040\000r\000e\000p\000r\000e\000s\000e\000n\000t\000a\000t\000i\000o\000n\000\051}{section.2.2}% 14
\BOOKMARK [2][]{subsection.2.2.4}{\376\377\0002\000.\0002\000.\0004\000\040\000:\127\072\173\227\173\046\166\204\213\336\165\037}{section.2.2}% 15
\BOOKMARK [2][]{subsection.2.2.5}{\376\377\0002\000.\0002\000.\0005\000\040\000:\127\072\166\204\122\250\122\233\133\146\116\016\116\076\117\213}{section.2.2}% 16
\BOOKMARK [2][]{subsection.2.2.6}{\376\377\0002\000.\0002\000.\0006\000\040\000:\142\311\150\074\147\027\145\345\127\072\213\272}{section.2.2}% 17
\BOOKMARK [2][]{subsection.2.2.7}{\376\377\0002\000.\0002\000.\0007\000\040\000:\124\310\133\306\230\177\127\072\213\272}{section.2.2}% 18
\BOOKMARK [1][]{section.2.3}{\376\377\0002\000.\0003\000\040\000:\000L\000o\000r\000e\000n\000t\000z\000\040\000I\000n\000v\000a\000r\000i\000a\000n\000c\000e}{chapter.2}% 19
\BOOKMARK [2][]{subsection.2.3.1}{\376\377\0002\000.\0003\000.\0001\000\040\000:\155\033\117\046\121\171\123\330\143\142\166\204\121\167\117\123\137\142\137\017}{section.2.3}% 20
\BOOKMARK [2][]{subsection.2.3.2}{\376\377\0002\000.\0003\000.\0002\000\040\000:\165\037\142\020\121\103\000\050\000g\000e\000n\000e\000r\000a\000t\000o\000r\000\051}{section.2.3}% 21
\BOOKMARK [2][]{subsection.2.3.3}{\376\377\0002\000.\0003\000.\0003\000\040\000:\213\372\162\171\133\232\164\006}{section.2.3}% 22
\BOOKMARK [2][]{subsection.2.3.4}{\376\377\0002\000.\0003\000.\0004\000\040\000:\000S\000y\000m\000m\000e\000t\000r\000y}{section.2.3}% 23
\BOOKMARK [2][]{subsection.2.3.5}{\376\377\0002\000.\0003\000.\0005\000\040\000:\000P\000r\000o\000o\000f\000\040\000o\000f\000\040\000N\000o\000e\000t\000h\000e\000r\000'\000s\000\040\000t\000h\000e\000o\000r\000e\000m}{section.2.3}% 24
\BOOKMARK [0][]{chapter.3}{\376\377\173\054\116\011\172\340\000\040\000:\000K\000l\000e\000i\000n\000-\000G\000o\000r\000d\000o\000n\000\040\000F\000i\000e\000l\000d}{}% 25
\BOOKMARK [1][]{section.3.1}{\376\377\0003\000.\0001\000\040\000:\000T\000h\000e\000\040\000K\000l\000e\000i\000n\000-\000G\000o\000r\000d\000o\000n\000\040\000e\000q\000u\000a\000t\000i\000o\000n}{chapter.3}% 26
\BOOKMARK [1][]{section.3.2}{\376\377\0003\000.\0002\000\040\000:\127\072\166\204\153\143\122\031\221\317\133\120\123\026}{chapter.3}% 27
\BOOKMARK [2][]{subsection.3.2.1}{\376\377\0003\000.\0002\000.\0001\000\040\000:\153\143\122\031\221\317\133\120\123\026\166\204\127\372\147\054\155\101\172\013}{section.3.2}% 28
\BOOKMARK [2][]{subsection.3.2.2}{\376\377\0003\000.\0002\000.\0002\000\040\000:\000N\000o\000r\000m\000a\000l\000\040\000o\000r\000d\000e\000r\000i\000n\000g}{section.3.2}% 29
\BOOKMARK [0][]{chapter.4}{\376\377\173\054\126\333\172\340\000\040\000:\117\040\144\255\133\120\116\016\137\256\142\160}{}% 30
\BOOKMARK [1][]{section.4.1}{\376\377\0004\000.\0001\000\040\000:\150\074\147\227\121\375\145\160}{chapter.4}% 31
\BOOKMARK [1][]{section.4.2}{\376\377\0004\000.\0002\000\040\000:\221\317\133\120\122\233\133\146\116\055\166\204\117\040\144\255\133\120}{chapter.4}% 32
\BOOKMARK [1][]{section.4.3}{\376\377\0004\000.\0003\000\040\000:\117\040\144\255\133\120\166\204\221\317\133\120\122\233\133\146\116\016\137\256\142\160\164\006\213\272}{chapter.4}% 33
\BOOKMARK [1][]{section.4.4}{\376\377\0004\000.\0004\000\040\000:\127\072\166\204\117\040\144\255\133\120}{chapter.4}% 34
\BOOKMARK [1][]{section.4.5}{\376\377\0004\000.\0005\000\040\000:\215\071\146\374\117\040\144\255\133\120}{chapter.4}% 35
\BOOKMARK [0][]{chapter.5}{\376\377\173\054\116\224\172\340\000\040\000:\000S\000\040\000M\000a\000t\000r\000i\000x\000\040\000a\000n\000d\000\040\000S\000c\000a\000t\000t\000e\000r\000i\000n\000g\000\040\000T\000h\000e\000o\000r\000y}{}% 36
\BOOKMARK [1][]{section.5.1}{\376\377\0005\000.\0001\000\040\000:\000S\000-\000m\000a\000t\000i\000r\000x}{chapter.5}% 37
\BOOKMARK [2][]{subsection.5.1.1}{\376\377\0005\000.\0001\000.\0001\000\040\000:\166\370\116\222\117\134\165\050\210\150\214\141\000\050\000i\000n\000t\000e\000r\000a\000c\000t\000i\000o\000n\000\040\000r\000e\000p\000r\000e\000s\000e\000n\000t\000a\000t\000i\000o\000n\000\051}{section.5.1}% 38
\BOOKMARK [2][]{subsection.5.1.2}{\376\377\0005\000.\0001\000.\0002\000\040\000:\000T\000h\000e\000\040\000f\000o\000r\000m\000u\000l\000a\000r\000\040\000o\000f\000\040\000S\000-\000m\000a\000t\000r\000i\000x}{section.5.1}% 39
\BOOKMARK [1][]{section.5.2}{\376\377\0005\000.\0002\000\040\000:\000W\000i\000c\000k\000\040\133\232\164\006}{chapter.5}% 40
\BOOKMARK [2][]{subsection.5.2.1}{\376\377\0005\000.\0002\000.\0001\000\040\000:\000W\000h\000y\000\040\000W\000i\000c\000k\000'\000s\000\040\000T\000h\000e\000o\000r\000m}{section.5.2}% 41
\BOOKMARK [2][]{subsection.5.2.2}{\376\377\0005\000.\0002\000.\0002\000\040\000:\000E\000x\000p\000a\000n\000d\000i\000n\000g\000\040\000t\000h\000e\000\040\000S\000-\000m\000a\000t\000r\000i\000x\000\040\000b\000y\000\040\000W\000i\000c\000k\000'\000s\000\040\000T\000h\000e\000o\000r\000m}{section.5.2}% 42
\BOOKMARK [1][]{section.5.3}{\376\377\0005\000.\0003\000\040\000:\145\143\134\004\143\057\136\105\116\016\121\166\213\241\173\227}{chapter.5}% 43
\BOOKMARK [0][]{chapter.6}{\376\377\173\054\121\155\172\340\000\040\000:\226\104\137\125}{}% 44
\BOOKMARK [1][]{section.6.1}{\376\377\0006\000.\0001\000\040\000:\137\256\122\006\137\142\137\017}{chapter.6}% 45
\BOOKMARK [1][]{section.6.2}{\376\377\0006\000.\0002\000\040\000:\137\040\221\317\116\343\145\160}{chapter.6}% 46
\BOOKMARK [1][]{section.6.3}{\376\377\0006\000.\0003\000\040\000:\000N\000u\000m\000e\000r\000a\000t\000o\000r\000\040\000A\000l\000g\000e\000b\000r\000a}{chapter.6}% 47
\BOOKMARK [1][]{section.6.4}{\376\377\0006\000.\0004\000\040\000:\000P\000o\000l\000a\000r\000i\000z\000a\000t\000i\000o\000n\000\040\000o\000f\000\040\000E\000x\000t\000e\000r\000n\000a\000l\000\040\000P\000a\000r\000t\000i\000c\000l\000e\000s}{chapter.6}% 48
\BOOKMARK [1][]{section.6.5}{\376\377\0006\000.\0005\000\040\000:\000F\000e\000y\000n\000m\000a\000n\000\040\000R\000u\000l\000e\000s}{chapter.6}% 49
