\BOOKMARK [1][-]{section.1}{\376\377\176\317\121\170\122\233\133\146\116\016\162\355\116\111\166\370\133\371\213\272\131\015\116\140}{}% 1
\BOOKMARK [2][-]{subsection.1.1}{\376\377\117\075\122\051\165\145\123\330\143\142}{section.1}% 2
\BOOKMARK [2][-]{subsection.1.2}{\376\377\176\317\121\170\122\233\133\146}{section.1}% 3
\BOOKMARK [3][-]{subsubsection.1.2.1}{\376\377\117\115\137\142\060\001\117\115\137\142\172\172\225\364\060\001\136\177\116\111\127\120\150\007\060\001\136\177\116\111\220\037\136\246}{subsection.1.2}% 4
\BOOKMARK [3][-]{subsubsection.1.2.2}{\376\377\166\370\172\172\225\364\060\001\153\143\122\031\127\120\150\007\060\001\153\143\122\031\122\250\221\317}{subsection.1.2}% 5
\BOOKMARK [1][-]{section.2}{\376\377\176\317\121\170\127\072\213\272}{}% 6
\BOOKMARK [2][-]{subsection.2.1}{\376\377\127\072\166\204\122\250\122\233\133\146\116\016\116\076\117\213}{section.2}% 7
\BOOKMARK [2][-]{subsection.2.2}{\376\377\142\311\150\074\147\027\145\345\127\072\213\272}{section.2}% 8
\BOOKMARK [2][-]{subsection.2.3}{\376\377\124\310\133\306\230\177\127\072\213\272}{section.2}% 9
\BOOKMARK [2][-]{subsection.2.4}{\376\377\000L\000o\000r\000e\000n\000t\000z\000\040\000I\000n\000v\000a\000r\000i\000a\000n\000c\000e}{section.2}% 10
\BOOKMARK [3][-]{subsubsection.2.4.1}{\376\377\121\167\117\123\137\142\137\017}{subsection.2.4}% 11
\BOOKMARK [3][-]{subsubsection.2.4.2}{\376\377\165\037\142\020\121\103\000\050\000g\000e\000n\000e\000t\000a\000t\000o\000r\000\051}{subsection.2.4}% 12
\BOOKMARK [2][-]{subsection.2.5}{\376\377\213\372\162\171\133\232\164\006}{section.2}% 13
\BOOKMARK [3][-]{subsubsection.2.5.1}{\376\377\000S\000y\000m\000m\000e\000t\000r\000y}{subsection.2.5}% 14
\BOOKMARK [3][-]{subsubsection.2.5.2}{\376\377\000P\000r\000o\000o\000f\000\040\000o\000f\000\040\000N\000o\000e\000t\000h\000e\000r\000'\000s\000\040\000t\000h\000e\000o\000r\000e\000m}{subsection.2.5}% 15
\BOOKMARK [1][-]{section.3}{\376\377\000K\000l\000e\000i\000n\000-\000G\000o\000r\000d\000o\000n\000\040\000F\000i\000e\000l\000d}{}% 16
\BOOKMARK [2][-]{subsection.3.1}{\376\377\000K\000l\000e\000i\000n\000-\000G\000o\000r\000d\000o\000n\000\040\000F\000i\000e\000l\000d\000\040\166\204\153\143\122\031\221\317\133\120\123\026}{section.3}% 17
\BOOKMARK [2][-]{subsection.3.2}{\376\377\145\143\134\004\143\057\136\105\116\016\121\166\213\241\173\227}{section.3}% 18
\BOOKMARK [2][-]{subsection.3.3}{\376\377\215\357\137\204\171\357\122\006}{section.3}% 19
\BOOKMARK [2][-]{subsection.3.4}{\376\377\0003\000\040\000T\000h\000e\000o\000r\000y}{section.3}% 20
\BOOKMARK [1][-]{section.4}{\376\377\000P\000o\000i\000n\000c\000a\000r\000e\000\040\000A\000l\000g\000e\000b\000r\000a}{}% 21
\BOOKMARK [2][-]{subsection.4.1}{\376\377\000L\000i\000e\000\040\000G\000r\000o\000u\000p}{section.4}% 22
\BOOKMARK [2][-]{subsection.4.2}{\376\377\000L\000i\000e\000\040\000A\000l\000g\000e\000b\000r\000a}{section.4}% 23
\BOOKMARK [2][-]{subsection.4.3}{\376\377\123\125\174\222\133\120\140\001}{section.4}% 24
\BOOKMARK [2][-]{subsection.4.4}{\376\377\145\366\225\364\123\315\157\024\116\016\172\172\225\364\123\315\157\024}{section.4}% 25
\BOOKMARK [2][-]{subsection.4.5}{\376\377\000S\000\040\167\351\226\065}{section.4}% 26
\BOOKMARK [2][-]{subsection.4.6}{\376\377\121\161\140\047\116\343\145\160\000\050\000C\000o\000n\000f\000o\000r\000m\000a\000l\000\040\000A\000l\000g\000e\000b\000r\000a\000\051}{section.4}% 27
\BOOKMARK [1][-]{section.5}{\376\377\000M\000a\000x\000w\000e\000l\000l\000\040\000F\000i\000e\000l\000d}{}% 28
\BOOKMARK [1][-]{section.6}{\376\377\226\104\137\125}{}% 29
\BOOKMARK [2][-]{subsection.6.1}{\376\377\137\040\221\317\116\343\145\160}{section.6}% 30
