\BOOKMARK [1][-]{section.1}{\376\377\176\352\213\272}{}% 1
\BOOKMARK [2][-]{subsection.1.1}{\376\377\136\267\146\156\230\177\145\110\136\224\000\040\000H\000o\000m\000e\000w\000o\000r\000k\0002\0000\0002\0004\0000\0009\0000\0005}{section.1}% 2
\BOOKMARK [1][-]{section.2}{\376\377\173\227\173\046\116\016\140\001\167\342}{}% 3
\BOOKMARK [2][-]{subsection.2.1}{\376\377\121\375\145\160\166\204\140\047\215\050\143\250\133\374\0002\0000\0002\0004\0000\0009\0003\0000}{section.2}% 4
\BOOKMARK [2][-]{subsection.2.2}{\376\377\173\200\123\125\166\204\173\227\173\046\213\241\173\227\0002\0000\0002\0004\0000\0009\0003\0000}{section.2}% 5
\BOOKMARK [2][-]{subsection.2.3}{\376\377\147\054\137\201\120\074\147\054\137\201\167\342\221\317\166\204\213\241\173\227\0002\0000\0002\0004\0000\0009\0003\0000}{section.2}% 6
\BOOKMARK [3][-]{subsubsection.2.3.1}{\376\377\000e\000i\000g\000e\000n\000v\000a\000l\000u\000e\000s\000\040\000a\000n\000d\000\040\000e\000i\000g\000e\000n\000v\000e\000c\000t\000o\000r\000s}{subsection.2.3}% 7
\BOOKMARK [3][-]{subsubsection.2.3.2}{\376\377\000C\000o\000m\000p\000l\000e\000x\000\040\000a\000n\000d\000\040\000R\000o\000t\000a\000t\000i\000o\000n\000\040\000M\000a\000t\000r\000i\000x}{subsection.2.3}% 8
\BOOKMARK [2][-]{subsection.2.4}{\376\377\133\371\146\023\166\204\140\047\215\050\0002\0000\0002\0004\0001\0000\0001\0000}{section.2}% 9
\BOOKMARK [1][-]{section.3}{\376\377\116\000\176\364\133\232\140\001\205\233\133\232\214\024\145\271\172\013}{}% 10
\BOOKMARK [2][-]{subsection.3.1}{\376\377\116\015\170\156\133\232\140\047\121\163\174\373\0002\0000\0002\0004\0001\0000\0001\0001}{section.3}% 11
\BOOKMARK [2][-]{subsection.3.2}{\376\377\116\000\176\364\145\340\226\120\122\277\226\061\0002\0000\0002\0004\0001\0000\0001\0001}{section.3}% 12
\BOOKMARK [2][-]{subsection.3.3}{\376\377\000H\000a\000m\000i\000t\000i\000o\000n\000i\000a\000n\000\040\000O\000s\000c\000i\000l\000l\000a\000t\000o\000r\000-\0001\000\040\0002\0000\0002\0004\0001\0000\0001\0004}{section.3}% 13
\BOOKMARK [2][-]{subsection.3.4}{\376\377\000H\000a\000m\000i\000t\000i\000o\000n\000i\000a\000n\000\040\000O\000s\000c\000i\000l\000l\000a\000t\000o\000r\000-\0002\000\040\0002\0000\0002\0004\0001\0000\0001\0004}{section.3}% 14
\BOOKMARK [2][-]{subsection.3.5}{\376\377\000H\000a\000m\000i\000t\000i\000o\000n\000i\000a\000n\000\040\000O\000s\000c\000i\000l\000l\000a\000t\000o\000r\000\040\000i\000n\000\040\0003\000-\000D\000\040\0002\0000\0002\0004\0001\0000\0001\0004}{section.3}% 15
\BOOKMARK [2][-]{subsection.3.6}{\376\377\133\371\146\023\121\163\174\373\166\204\136\070\211\301\140\047\215\050\377\010\210\145\377\011\0002\0000\0002\0004\0001\0000\0002\0001}{section.3}% 16
\BOOKMARK [2][-]{subsection.3.7}{\376\377\173\200\123\125\166\204\121\375\145\160\122\277\134\017\213\241\173\227\0002\0000\0002\0004\0001\0000\0002\0004}{section.3}% 17
\BOOKMARK [1][-]{section.4}{\376\377\116\011\176\364\133\232\140\001\205\233\133\232\214\024\145\271\172\013}{}% 18
\BOOKMARK [2][-]{subsection.4.1}{\376\377\116\011\176\364\133\232\140\001\205\233\133\232\214\024\145\271\172\013\134\017\213\241\173\227\0002\0000\0002\0004\0001\0001\0000\0007}{section.4}% 19
\BOOKMARK [2][-]{subsection.4.2}{\376\377\127\120\150\007\060\001\122\250\221\317\060\001\211\322\122\250\221\317\133\371\146\023\121\163\174\373\213\301\146\016\0002\0000\0002\0004\0001\0001\0000\0007}{section.4}% 20
\BOOKMARK [2][-]{subsection.4.3}{\376\377\211\322\122\250\221\317\166\204\133\371\146\023\121\163\174\373\213\241\173\227\0002\0000\0002\0004\0001\0001\0000\0008}{section.4}% 21
\BOOKMARK [2][-]{subsection.4.4}{\376\377\000P\000a\000u\000l\000i\000\040\000M\000a\000t\000r\000i\000x\166\204\213\241\173\227\0002\0000\0002\0004\0001\0001\0001\0008}{section.4}% 22
\BOOKMARK [1][-]{section.5}{\376\377\221\317\133\120\131\032\117\123\174\373\176\337}{}% 23
\BOOKMARK [2][-]{subsection.5.1}{\376\377\116\011\174\222\133\120\174\373\176\337\166\204\116\000\176\364\145\340\226\120\117\115\200\375\226\061\225\356\230\230\0002\0000\0002\0004\0001\0001\0002\0005}{section.5}% 24
\BOOKMARK [1][-]{section.6}{\376\377\137\256\142\160\154\325}{}% 25
\BOOKMARK [2][-]{subsection.6.1}{\376\377\137\256\142\160\154\325\0002\0000\0002\0004\0001\0002\0001\0002}{section.6}% 26
\BOOKMARK [1][-]{section.7}{\376\377\123\330\122\006\123\237\164\006}{}% 27
\BOOKMARK [2][-]{subsection.7.1}{\376\377\123\330\122\006\123\237\164\006\0002\0000\0002\0004\0001\0002\0001\0002}{section.7}% 28
\BOOKMARK [1][-]{section.8}{\376\377\000W\000K\000B\000\040\217\321\117\074}{}% 29
\BOOKMARK [2][-]{subsection.8.1}{\376\377\000W\000K\000B\000\040\217\321\117\074\0002\0000\0002\0004\0001\0002\0001\0006}{section.8}% 30
\BOOKMARK [1][-]{section.9}{\376\377\226\104\137\125}{}% 31
